c:\users\hany\source\repos\bank blood\debug\vc142.pdb
c:\users\hany\source\repos\bank blood\debug\vc142.idb
c:\users\hany\source\repos\bank blood\debug\user.obj
c:\users\hany\source\repos\bank blood\debug\recipient.obj
c:\users\hany\source\repos\bank blood\debug\filerecipient.obj
c:\users\hany\source\repos\bank blood\debug\filedonor.obj
c:\users\hany\source\repos\bank blood\debug\donr.obj
c:\users\hany\source\repos\bank blood\debug\donor.obj
c:\users\hany\source\repos\bank blood\debug\main.obj
c:\users\hany\source\repos\bank blood\debug\filerecipient and filedonor.obj
c:\users\hany\source\repos\bank blood\debug\recipient and donor.obj
c:\users\hany\source\repos\bank blood\debug\fileblood_information.obj
c:\users\hany\source\repos\bank blood\debug\blood_information.obj
c:\users\hany\source\repos\bank blood\debug\bank blood.exe
c:\users\hany\source\repos\bank blood\debug\bank blood.ilk
c:\users\hany\source\repos\bank blood\debug\bank blood.pdb
c:\users\hany\source\repos\bank blood\debug\project1.pdb
c:\users\hany\source\repos\bank blood\debug\project2.pdb
c:\users\hany\source\repos\bank blood\debug\bank blood.tlog\cl.command.1.tlog
c:\users\hany\source\repos\bank blood\debug\bank blood.tlog\cl.read.1.tlog
c:\users\hany\source\repos\bank blood\debug\bank blood.tlog\cl.write.1.tlog
c:\users\hany\source\repos\bank blood\debug\bank blood.tlog\link.command.1.tlog
c:\users\hany\source\repos\bank blood\debug\bank blood.tlog\link.read.1.tlog
c:\users\hany\source\repos\bank blood\debug\bank blood.tlog\link.write.1.tlog
